<?xml version="1.0" encoding="UTF-8"?>
<!-- Generated by org.testng.reporters.JUnitXMLReporter -->
<testsuite ignored="0" hostname="AKHILA" failures="0" tests="4" name="Surefire test" time="11.641" errors="0" timestamp="2026-01-16T10:07:55 IST">
  <testcase classname="maven_basics.DemoTest" name="testDemo" time="0.005"/>
  <testcase classname="maven_basics.DWSSearchTest" name="searchTest" time="6.891"/>
  <testcase classname="maven_basics.DWSSubscribeTest" name="subscribeTest" time="4.701"/>
  <testcase classname="maven_basics.MavenSampleTest" name="mavenDemo" time="0.002"/>
</testsuite> <!-- Surefire test -->
