<?xml version="1.0" encoding="UTF-8"?>
<!-- Generated by org.testng.reporters.JUnitXMLReporter -->
<testsuite ignored="0" hostname="AKHILA" failures="0" tests="3" name="Test" time="24.946" errors="0" timestamp="2026-01-16T22:12:20 IST">
  <testcase classname="dws_TestCases.DWS_RegisterTest" name="registerPage" time="11.259"/>
  <testcase classname="dws_TestCases.DWS_SearchTest" name="searchText" time="6.144"/>
  <testcase classname="dws_TestCases.DWS_LoginTest" name="Login" time="7.499"/>
</testsuite> <!-- Test -->
