<?xml version="1.0" encoding="UTF-8"?>
<!-- Generated by org.testng.reporters.JUnitXMLReporter -->
<testsuite ignored="0" hostname="AKHILA" failures="0" tests="3" name="Test" time="17.823" errors="0" timestamp="2026-01-16T12:50:54 IST">
  <testcase classname="dws_TestCases.DWS_RegisterTest" name="registerPage" time="5.585"/>
  <testcase classname="dws_TestCases.DWS_SearchTest" name="searchText" time="7.878"/>
  <testcase classname="dws_TestCases.DWS_LoginTest" name="Login" time="4.332"/>
</testsuite> <!-- Test -->
