<?xml version="1.0" encoding="UTF-8"?>
<testng-results ignored="0" total="3" passed="3" failed="0" skipped="0">
  <reporter-output>
  </reporter-output>
  <suite started-at="2026-01-16T12:50:36 IST" name="Suite" finished-at="2026-01-16T12:50:54 IST" duration-ms="17823">
    <groups>
    </groups>
    <test started-at="2026-01-16T12:50:36 IST" name="Test" finished-at="2026-01-16T12:50:54 IST" duration-ms="17823">
      <class name="dws_TestCases.DWS_SearchTest">
        <test-method signature="searchText()[pri:0, instance:dws_TestCases.DWS_SearchTest@49c386c8]" started-at="2026-01-16T12:50:42 IST" name="searchText" finished-at="2026-01-16T12:50:50 IST" duration-ms="7878" status="PASS">
          <reporter-output>
          </reporter-output>
        </test-method> <!-- searchText -->
      </class> <!-- dws_TestCases.DWS_SearchTest -->
      <class name="dws_TestCases.DWS_RegisterTest">
        <test-method signature="registerPage()[pri:0, instance:dws_TestCases.DWS_RegisterTest@5e316c74]" started-at="2026-01-16T12:50:36 IST" name="registerPage" finished-at="2026-01-16T12:50:42 IST" duration-ms="5585" status="PASS">
          <reporter-output>
          </reporter-output>
        </test-method> <!-- registerPage -->
      </class> <!-- dws_TestCases.DWS_RegisterTest -->
      <class name="dws_TestCases.DWS_LoginTest">
        <test-method signature="Login()[pri:0, instance:dws_TestCases.DWS_LoginTest@56528192]" started-at="2026-01-16T12:50:50 IST" name="Login" finished-at="2026-01-16T12:50:54 IST" duration-ms="4332" status="PASS">
          <reporter-output>
          </reporter-output>
        </test-method> <!-- Login -->
      </class> <!-- dws_TestCases.DWS_LoginTest -->
    </test> <!-- Test -->
  </suite> <!-- Suite -->
</testng-results>
