<?xml version="1.0" encoding="UTF-8"?>
<testng-results ignored="0" total="1" passed="1" failed="0" skipped="0">
  <reporter-output>
  </reporter-output>
  <suite started-at="2026-01-20T12:47:53 IST" name="Default suite" finished-at="2026-01-20T12:48:03 IST" duration-ms="9536">
    <groups>
    </groups>
    <test started-at="2026-01-20T12:47:53 IST" name="Default test" finished-at="2026-01-20T12:48:03 IST" duration-ms="9536">
      <class name="maven_basics.DWSSearchTest">
        <test-method signature="searchTest()[pri:0, instance:maven_basics.DWSSearchTest@1ab3a8c8]" started-at="2026-01-20T12:47:53 IST" name="searchTest" finished-at="2026-01-20T12:48:03 IST" duration-ms="9490" status="PASS">
          <reporter-output>
          </reporter-output>
        </test-method> <!-- searchTest -->
      </class> <!-- maven_basics.DWSSearchTest -->
    </test> <!-- Default test -->
  </suite> <!-- Default suite -->
</testng-results>
